2026-03-11 10:00:01 [INFO] Application started successfully
2026-03-11 10:00:02 [INFO] Initializing database connection
2026-03-11 10:00:03 [INFO] Database connection established
2026-03-11 10:00:05 [WARNING] High memory usage detected: 85%
2026-03-11 10:00:10 [INFO] Processing user request #1001
2026-03-11 10:00:12 [INFO] Request completed successfully
2026-03-11 10:00:15 [ERROR] Failed to connect to external API: timeout
2026-03-11 10:00:16 [WARNING] Retrying API connection (attempt 1/3)
2026-03-11 10:00:18 [INFO] API connection restored
2026-03-11 10:00:20 [INFO] Processing user request #1002
2026-03-11 10:00:22 [ERROR] Database query failed: insufficient permissions
2026-03-11 10:00:23 [ERROR] Transaction rolled back
2026-03-11 10:00:25 [WARNING] Cache miss rate above threshold: 45%
2026-03-11 10:00:30 [INFO] Background maintenance task started
2026-03-11 10:00:35 [INFO] Cleaning temporary files
2026-03-11 10:00:40 [INFO] Maintenance task completed
2026-03-11 10:00:45 [WARNING] Disk space running low: 10% remaining
2026-03-11 10:00:50 [ERROR] Failed to write log file: disk full
2026-03-11 10:00:55 [INFO] Attempting to free disk space
2026-03-11 10:01:00 [INFO] Disk space recovered: 25% available
2026-03-11 10:01:05 [INFO] Processing user request #1003
2026-03-11 10:01:10 [INFO] Request completed successfully
2026-03-11 10:01:15 [WARNING] Response time degradation detected
2026-03-11 10:01:20 [INFO] Load balancer adjusted
2026-03-11 10:01:25 [INFO] System performance normalized
2026-03-11 10:02:01 [CRITICAL] Core service unresponsive. IP: 192.168.1.1
2026-03-11 10:02:02 [DEBUG] User session details for user_id: 550e8400-e29b-41d4-a716-446655440000
Just a random unformatted line.
2026-03-11 10:02:05 [WARN] Deprecated API endpoint accessed from 10.0.0.5
2026-03-11 10:02:10 [INFO] User 'admin' from 172.16.0.1 initiated a system scan.
2026-03-11 10:02:15 [FAIL] Authentication service failed login for user 'guest' from IP 203.0.113.25
2026-03-11 10:02:18 [ERROR] Payment gateway connection refused from our server 198.51.100.2
Another line without any specific format.
2026-03-11 10:02:20 [DEBUG] Analyzing packet from 192.168.1.1 - checksum OK.
2026-03-11 10:02:25 [WARNING] Request from 10.0.0.5 resulted in a timeout.
2026-03-11 10:02:30 [INFO] Successfully processed batch job #42.
2026-03-11 10:02:35 [FAIL] Critical database backup process has failed.
2026-03-11 10:02:40 [ERROR] User 'root' failed login attempt from 203.0.113.25.
2026-03-11 10:02:45 [INFO] Shutting down application.
